<?xml version="1.0" encoding="UTF-8"?>
<coverage generated="1661424027077" clover="3.2.0">
  <project timestamp="1661424027080" name="All files">
    <metrics statements="69" coveredstatements="11" conditionals="20" coveredconditionals="10" methods="44" coveredmethods="9" elements="133" coveredelements="30" complexity="0" loc="69" ncloc="69" packages="2" files="13" classes="13"/>
    <package name="components.script">
      <metrics statements="23" coveredstatements="0" conditionals="4" coveredconditionals="0" methods="14" coveredmethods="0"/>
      <file name="ButtonComponent.js" path="/Users/vigneshr/Desktop/Quinbay_Training/Day_4/blibli-clone/src/components/script/ButtonComponent.js">
        <metrics statements="1" coveredstatements="0" conditionals="0" coveredconditionals="0" methods="1" coveredmethods="0"/>
        <line num="15" count="0" type="stmt"/>
      </file>
      <file name="CartProduct.js" path="/Users/vigneshr/Desktop/Quinbay_Training/Day_4/blibli-clone/src/components/script/CartProduct.js">
        <metrics statements="0" coveredstatements="0" conditionals="0" coveredconditionals="0" methods="1" coveredmethods="0"/>
      </file>
      <file name="FilterBox.js" path="/Users/vigneshr/Desktop/Quinbay_Training/Day_4/blibli-clone/src/components/script/FilterBox.js">
        <metrics statements="14" coveredstatements="0" conditionals="4" coveredconditionals="0" methods="5" coveredmethods="0"/>
        <line num="4" count="0" type="stmt"/>
        <line num="11" count="0" type="stmt"/>
        <line num="14" count="0" type="stmt"/>
        <line num="15" count="0" type="stmt"/>
        <line num="16" count="0" type="stmt"/>
        <line num="19" count="0" type="stmt"/>
        <line num="20" count="0" type="cond" truecount="0" falsecount="2"/>
        <line num="24" count="0" type="stmt"/>
        <line num="25" count="0" type="cond" truecount="0" falsecount="2"/>
        <line num="26" count="0" type="stmt"/>
        <line num="28" count="0" type="stmt"/>
        <line num="30" count="0" type="stmt"/>
        <line num="31" count="0" type="stmt"/>
        <line num="36" count="0" type="stmt"/>
      </file>
      <file name="FooterArea.js" path="/Users/vigneshr/Desktop/Quinbay_Training/Day_4/blibli-clone/src/components/script/FooterArea.js">
        <metrics statements="0" coveredstatements="0" conditionals="0" coveredconditionals="0" methods="0" coveredmethods="0"/>
      </file>
      <file name="NavBar.js" path="/Users/vigneshr/Desktop/Quinbay_Training/Day_4/blibli-clone/src/components/script/NavBar.js">
        <metrics statements="5" coveredstatements="0" conditionals="0" coveredconditionals="0" methods="4" coveredmethods="0"/>
        <line num="4" count="0" type="stmt"/>
        <line num="33" count="0" type="stmt"/>
        <line num="36" count="0" type="stmt"/>
        <line num="39" count="0" type="stmt"/>
        <line num="40" count="0" type="stmt"/>
      </file>
      <file name="ProductItem.js" path="/Users/vigneshr/Desktop/Quinbay_Training/Day_4/blibli-clone/src/components/script/ProductItem.js">
        <metrics statements="3" coveredstatements="0" conditionals="0" coveredconditionals="0" methods="3" coveredmethods="0"/>
        <line num="11" count="0" type="stmt"/>
        <line num="14" count="0" type="stmt"/>
        <line num="17" count="0" type="stmt"/>
      </file>
      <file name="SpinnerAnimation.js" path="/Users/vigneshr/Desktop/Quinbay_Training/Day_4/blibli-clone/src/components/script/SpinnerAnimation.js">
        <metrics statements="0" coveredstatements="0" conditionals="0" coveredconditionals="0" methods="0" coveredmethods="0"/>
      </file>
    </package>
    <package name="views.script">
      <metrics statements="46" coveredstatements="11" conditionals="16" coveredconditionals="10" methods="30" coveredmethods="9"/>
      <file name="CartPage.js" path="/Users/vigneshr/Desktop/Quinbay_Training/Day_4/blibli-clone/src/views/script/CartPage.js">
        <metrics statements="1" coveredstatements="0" conditionals="0" coveredconditionals="0" methods="1" coveredmethods="0"/>
        <line num="10" count="0" type="stmt"/>
      </file>
      <file name="HomePage.js" path="/Users/vigneshr/Desktop/Quinbay_Training/Day_4/blibli-clone/src/views/script/HomePage.js">
        <metrics statements="21" coveredstatements="0" conditionals="6" coveredconditionals="0" methods="10" coveredmethods="0"/>
        <line num="17" count="0" type="stmt"/>
        <line num="26" count="0" type="stmt"/>
        <line num="30" count="0" type="stmt"/>
        <line num="33" count="0" type="stmt"/>
        <line num="34" count="0" type="stmt"/>
        <line num="35" count="0" type="stmt"/>
        <line num="37" count="0" type="stmt"/>
        <line num="38" count="0" type="stmt"/>
        <line num="39" count="0" type="stmt"/>
        <line num="41" count="0" type="cond" truecount="0" falsecount="2"/>
        <line num="42" count="0" type="stmt"/>
        <line num="44" count="0" type="stmt"/>
        <line num="51" count="0" type="stmt"/>
        <line num="52" count="0" type="stmt"/>
        <line num="53" count="0" type="stmt"/>
        <line num="55" count="0" type="cond" truecount="0" falsecount="2"/>
        <line num="57" count="0" type="stmt"/>
        <line num="71" count="0" type="stmt"/>
        <line num="75" count="0" type="cond" truecount="0" falsecount="2"/>
        <line num="76" count="0" type="stmt"/>
        <line num="78" count="0" type="stmt"/>
      </file>
      <file name="LoginPage.js" path="/Users/vigneshr/Desktop/Quinbay_Training/Day_4/blibli-clone/src/views/script/LoginPage.js">
        <metrics statements="6" coveredstatements="6" conditionals="10" coveredconditionals="10" methods="4" coveredmethods="4"/>
        <line num="4" count="3" type="stmt"/>
        <line num="13" count="2" type="cond" truecount="4" falsecount="0"/>
        <line num="14" count="1" type="stmt"/>
        <line num="17" count="1" type="stmt"/>
        <line num="27" count="2" type="cond" truecount="2" falsecount="0"/>
        <line num="30" count="2" type="cond" truecount="4" falsecount="0"/>
      </file>
      <file name="ProductDescription.js" path="/Users/vigneshr/Desktop/Quinbay_Training/Day_4/blibli-clone/src/views/script/ProductDescription.js">
        <metrics statements="5" coveredstatements="2" conditionals="0" coveredconditionals="0" methods="4" coveredmethods="2"/>
        <line num="6" count="1" type="stmt"/>
        <line num="11" count="1" type="stmt"/>
        <line num="14" count="0" type="stmt"/>
        <line num="15" count="0" type="stmt"/>
        <line num="18" count="0" type="stmt"/>
      </file>
      <file name="RegisterPage.js" path="/Users/vigneshr/Desktop/Quinbay_Training/Day_4/blibli-clone/src/views/script/RegisterPage.js">
        <metrics statements="4" coveredstatements="0" conditionals="0" coveredconditionals="0" methods="4" coveredmethods="0"/>
        <line num="6" count="0" type="stmt"/>
        <line num="20" count="0" type="stmt"/>
        <line num="24" count="0" type="stmt"/>
        <line num="31" count="0" type="stmt"/>
      </file>
      <file name="SettingPage.js" path="/Users/vigneshr/Desktop/Quinbay_Training/Day_4/blibli-clone/src/views/script/SettingPage.js">
        <metrics statements="9" coveredstatements="3" conditionals="0" coveredconditionals="0" methods="7" coveredmethods="3"/>
        <line num="6" count="2" type="stmt"/>
        <line num="17" count="1" type="stmt"/>
        <line num="20" count="0" type="stmt"/>
        <line num="21" count="0" type="stmt"/>
        <line num="24" count="0" type="stmt"/>
        <line num="29" count="1" type="stmt"/>
        <line num="33" count="0" type="stmt"/>
        <line num="34" count="0" type="stmt"/>
        <line num="37" count="0" type="stmt"/>
      </file>
    </package>
  </project>
</coverage>
