{"/Users/vigneshr/Desktop/Quinbay_Training/Day_4/blibli-clone/src/components/script/ButtonComponent.js": {"path":"/Users/vigneshr/Desktop/Quinbay_Training/Day_4/blibli-clone/src/components/script/ButtonComponent.js","statementMap":{"0":{"start":{"line":15,"column":12},"end":{"line":15,"column":33}}},"fnMap":{"0":{"name":"(anonymous_0)","decl":{"start":{"line":14,"column":8},"end":{"line":14,"column":9}},"loc":{"start":{"line":14,"column":17},"end":{"line":16,"column":9}},"line":14}},"branchMap":{},"s":{"0":0},"f":{"0":0},"b":{}}
,"/Users/vigneshr/Desktop/Quinbay_Training/Day_4/blibli-clone/src/components/script/CartProduct.js": {"path":"/Users/vigneshr/Desktop/Quinbay_Training/Day_4/blibli-clone/src/components/script/CartProduct.js","statementMap":{},"fnMap":{"0":{"name":"(anonymous_0)","decl":{"start":{"line":6,"column":17},"end":{"line":6,"column":18}},"loc":{"start":{"line":6,"column":23},"end":{"line":6,"column":25}},"line":6}},"branchMap":{},"s":{},"f":{"0":0},"b":{}}
,"/Users/vigneshr/Desktop/Quinbay_Training/Day_4/blibli-clone/src/components/script/FilterBox.js": {"path":"/Users/vigneshr/Desktop/Quinbay_Training/Day_4/blibli-clone/src/components/script/FilterBox.js","statementMap":{"0":{"start":{"line":4,"column":6},"end":{"line":6,"column":8}},"1":{"start":{"line":11,"column":8},"end":{"line":11,"column":31}},"2":{"start":{"line":14,"column":8},"end":{"line":14,"column":33}},"3":{"start":{"line":15,"column":8},"end":{"line":15,"column":34}},"4":{"start":{"line":16,"column":28},"end":{"line":18,"column":9}},"5":{"start":{"line":19,"column":8},"end":{"line":21,"column":9}},"6":{"start":{"line":19,"column":21},"end":{"line":19,"column":22}},"7":{"start":{"line":20,"column":10},"end":{"line":20,"column":80}},"8":{"start":{"line":20,"column":49},"end":{"line":20,"column":80}},"9":{"start":{"line":24,"column":26},"end":{"line":24,"column":50}},"10":{"start":{"line":25,"column":8},"end":{"line":29,"column":9}},"11":{"start":{"line":26,"column":10},"end":{"line":26,"column":70}},"12":{"start":{"line":28,"column":10},"end":{"line":28,"column":82}},"13":{"start":{"line":30,"column":8},"end":{"line":30,"column":42}},"14":{"start":{"line":31,"column":8},"end":{"line":31,"column":33}},"15":{"start":{"line":36,"column":8},"end":{"line":38,"column":11}}},"fnMap":{"0":{"name":"(anonymous_0)","decl":{"start":{"line":3,"column":4},"end":{"line":3,"column":5}},"loc":{"start":{"line":3,"column":11},"end":{"line":7,"column":5}},"line":3},"1":{"name":"(anonymous_1)","decl":{"start":{"line":10,"column":6},"end":{"line":10,"column":7}},"loc":{"start":{"line":10,"column":20},"end":{"line":12,"column":7}},"line":10},"2":{"name":"(anonymous_2)","decl":{"start":{"line":13,"column":6},"end":{"line":13,"column":7}},"loc":{"start":{"line":13,"column":20},"end":{"line":22,"column":7}},"line":13},"3":{"name":"(anonymous_3)","decl":{"start":{"line":23,"column":6},"end":{"line":23,"column":7}},"loc":{"start":{"line":23,"column":25},"end":{"line":32,"column":7}},"line":23},"4":{"name":"(anonymous_4)","decl":{"start":{"line":35,"column":6},"end":{"line":35,"column":7}},"loc":{"start":{"line":35,"column":23},"end":{"line":39,"column":7}},"line":35}},"branchMap":{"0":{"loc":{"start":{"line":20,"column":10},"end":{"line":20,"column":80}},"type":"if","locations":[{"start":{"line":20,"column":10},"end":{"line":20,"column":80}},{"start":{},"end":{}}],"line":20},"1":{"loc":{"start":{"line":25,"column":8},"end":{"line":29,"column":9}},"type":"if","locations":[{"start":{"line":25,"column":8},"end":{"line":29,"column":9}},{"start":{"line":27,"column":15},"end":{"line":29,"column":9}}],"line":25}},"s":{"0":0,"1":0,"2":0,"3":0,"4":0,"5":0,"6":0,"7":0,"8":0,"9":0,"10":0,"11":0,"12":0,"13":0,"14":0,"15":0},"f":{"0":0,"1":0,"2":0,"3":0,"4":0},"b":{"0":[0,0],"1":[0,0]}}
,"/Users/vigneshr/Desktop/Quinbay_Training/Day_4/blibli-clone/src/components/script/FooterArea.js": {"path":"/Users/vigneshr/Desktop/Quinbay_Training/Day_4/blibli-clone/src/components/script/FooterArea.js","statementMap":{},"fnMap":{},"branchMap":{},"s":{},"f":{},"b":{}}
,"/Users/vigneshr/Desktop/Quinbay_Training/Day_4/blibli-clone/src/components/script/NavBar.js": {"path":"/Users/vigneshr/Desktop/Quinbay_Training/Day_4/blibli-clone/src/components/script/NavBar.js","statementMap":{"0":{"start":{"line":4,"column":6},"end":{"line":29,"column":8}},"1":{"start":{"line":33,"column":8},"end":{"line":33,"column":26}},"2":{"start":{"line":36,"column":8},"end":{"line":36,"column":35}},"3":{"start":{"line":39,"column":8},"end":{"line":39,"column":36}},"4":{"start":{"line":40,"column":8},"end":{"line":40,"column":78}}},"fnMap":{"0":{"name":"(anonymous_0)","decl":{"start":{"line":3,"column":4},"end":{"line":3,"column":5}},"loc":{"start":{"line":3,"column":11},"end":{"line":30,"column":5}},"line":3},"1":{"name":"(anonymous_1)","decl":{"start":{"line":32,"column":6},"end":{"line":32,"column":7}},"loc":{"start":{"line":32,"column":20},"end":{"line":34,"column":7}},"line":32},"2":{"name":"(anonymous_2)","decl":{"start":{"line":35,"column":6},"end":{"line":35,"column":7}},"loc":{"start":{"line":35,"column":23},"end":{"line":37,"column":7}},"line":35},"3":{"name":"(anonymous_3)","decl":{"start":{"line":38,"column":6},"end":{"line":38,"column":7}},"loc":{"start":{"line":38,"column":18},"end":{"line":43,"column":7}},"line":38}},"branchMap":{},"s":{"0":0,"1":0,"2":0,"3":0,"4":0},"f":{"0":0,"1":0,"2":0,"3":0},"b":{}}
,"/Users/vigneshr/Desktop/Quinbay_Training/Day_4/blibli-clone/src/components/script/ProductItem.js": {"path":"/Users/vigneshr/Desktop/Quinbay_Training/Day_4/blibli-clone/src/components/script/ProductItem.js","statementMap":{"0":{"start":{"line":11,"column":6},"end":{"line":11,"column":46}},"1":{"start":{"line":14,"column":6},"end":{"line":14,"column":70}},"2":{"start":{"line":17,"column":6},"end":{"line":17,"column":46}}},"fnMap":{"0":{"name":"(anonymous_0)","decl":{"start":{"line":10,"column":4},"end":{"line":10,"column":5}},"loc":{"start":{"line":10,"column":30},"end":{"line":12,"column":5}},"line":10},"1":{"name":"(anonymous_1)","decl":{"start":{"line":13,"column":4},"end":{"line":13,"column":5}},"loc":{"start":{"line":13,"column":41},"end":{"line":15,"column":5}},"line":13},"2":{"name":"(anonymous_2)","decl":{"start":{"line":16,"column":4},"end":{"line":16,"column":5}},"loc":{"start":{"line":16,"column":29},"end":{"line":18,"column":5}},"line":16}},"branchMap":{},"s":{"0":0,"1":0,"2":0},"f":{"0":0,"1":0,"2":0},"b":{}}
,"/Users/vigneshr/Desktop/Quinbay_Training/Day_4/blibli-clone/src/components/script/SpinnerAnimation.js": {"path":"/Users/vigneshr/Desktop/Quinbay_Training/Day_4/blibli-clone/src/components/script/SpinnerAnimation.js","statementMap":{},"fnMap":{},"branchMap":{},"s":{},"f":{},"b":{}}
,"/Users/vigneshr/Desktop/Quinbay_Training/Day_4/blibli-clone/src/views/script/CartPage.js": {"path":"/Users/vigneshr/Desktop/Quinbay_Training/Day_4/blibli-clone/src/views/script/CartPage.js","statementMap":{"0":{"start":{"line":10,"column":4},"end":{"line":12,"column":5}}},"fnMap":{"0":{"name":"(anonymous_0)","decl":{"start":{"line":9,"column":2},"end":{"line":9,"column":3}},"loc":{"start":{"line":9,"column":8},"end":{"line":13,"column":3}},"line":9}},"branchMap":{},"s":{"0":0},"f":{"0":0},"b":{}}
,"/Users/vigneshr/Desktop/Quinbay_Training/Day_4/blibli-clone/src/views/script/HomePage.js": {"path":"/Users/vigneshr/Desktop/Quinbay_Training/Day_4/blibli-clone/src/views/script/HomePage.js","statementMap":{"0":{"start":{"line":17,"column":4},"end":{"line":22,"column":6}},"1":{"start":{"line":26,"column":6},"end":{"line":26,"column":48}},"2":{"start":{"line":30,"column":6},"end":{"line":30,"column":46}},"3":{"start":{"line":33,"column":6},"end":{"line":33,"column":34}},"4":{"start":{"line":34,"column":24},"end":{"line":34,"column":26}},"5":{"start":{"line":35,"column":25},"end":{"line":35,"column":27}},"6":{"start":{"line":37,"column":6},"end":{"line":49,"column":9}},"7":{"start":{"line":38,"column":27},"end":{"line":40,"column":9}},"8":{"start":{"line":39,"column":20},"end":{"line":39,"column":56}},"9":{"start":{"line":41,"column":8},"end":{"line":48,"column":9}},"10":{"start":{"line":42,"column":10},"end":{"line":42,"column":67}},"11":{"start":{"line":44,"column":10},"end":{"line":47,"column":13}},"12":{"start":{"line":51,"column":6},"end":{"line":56,"column":9}},"13":{"start":{"line":52,"column":28},"end":{"line":54,"column":9}},"14":{"start":{"line":53,"column":10},"end":{"line":53,"column":62}},"15":{"start":{"line":55,"column":8},"end":{"line":55,"column":43}},"16":{"start":{"line":57,"column":6},"end":{"line":57,"column":34}},"17":{"start":{"line":71,"column":6},"end":{"line":71,"column":73}},"18":{"start":{"line":75,"column":4},"end":{"line":78,"column":73}},"19":{"start":{"line":76,"column":6},"end":{"line":76,"column":46}},"20":{"start":{"line":78,"column":6},"end":{"line":78,"column":73}}},"fnMap":{"0":{"name":"(anonymous_0)","decl":{"start":{"line":16,"column":2},"end":{"line":16,"column":3}},"loc":{"start":{"line":16,"column":9},"end":{"line":23,"column":3}},"line":16},"1":{"name":"(anonymous_1)","decl":{"start":{"line":25,"column":4},"end":{"line":25,"column":5}},"loc":{"start":{"line":25,"column":35},"end":{"line":27,"column":5}},"line":25},"2":{"name":"(anonymous_2)","decl":{"start":{"line":28,"column":4},"end":{"line":28,"column":5}},"loc":{"start":{"line":28,"column":24},"end":{"line":31,"column":5}},"line":28},"3":{"name":"(anonymous_3)","decl":{"start":{"line":32,"column":4},"end":{"line":32,"column":5}},"loc":{"start":{"line":32,"column":25},"end":{"line":58,"column":5}},"line":32},"4":{"name":"(anonymous_4)","decl":{"start":{"line":37,"column":41},"end":{"line":37,"column":42}},"loc":{"start":{"line":37,"column":57},"end":{"line":49,"column":7}},"line":37},"5":{"name":"(anonymous_5)","decl":{"start":{"line":39,"column":10},"end":{"line":39,"column":11}},"loc":{"start":{"line":39,"column":20},"end":{"line":39,"column":56}},"line":39},"6":{"name":"(anonymous_6)","decl":{"start":{"line":51,"column":28},"end":{"line":51,"column":29}},"loc":{"start":{"line":51,"column":35},"end":{"line":56,"column":7}},"line":51},"7":{"name":"(anonymous_7)","decl":{"start":{"line":52,"column":47},"end":{"line":52,"column":48}},"loc":{"start":{"line":53,"column":10},"end":{"line":53,"column":62}},"line":53},"8":{"name":"(anonymous_8)","decl":{"start":{"line":67,"column":4},"end":{"line":67,"column":5}},"loc":{"start":{"line":67,"column":13},"end":{"line":72,"column":5}},"line":67},"9":{"name":"(anonymous_9)","decl":{"start":{"line":74,"column":2},"end":{"line":74,"column":3}},"loc":{"start":{"line":74,"column":12},"end":{"line":79,"column":3}},"line":74}},"branchMap":{"0":{"loc":{"start":{"line":41,"column":8},"end":{"line":48,"column":9}},"type":"if","locations":[{"start":{"line":41,"column":8},"end":{"line":48,"column":9}},{"start":{"line":43,"column":15},"end":{"line":48,"column":9}}],"line":41},"1":{"loc":{"start":{"line":55,"column":8},"end":{"line":55,"column":42}},"type":"binary-expr","locations":[{"start":{"line":55,"column":8},"end":{"line":55,"column":19}},{"start":{"line":55,"column":23},"end":{"line":55,"column":42}}],"line":55},"2":{"loc":{"start":{"line":75,"column":4},"end":{"line":78,"column":73}},"type":"if","locations":[{"start":{"line":75,"column":4},"end":{"line":78,"column":73}},{"start":{"line":78,"column":6},"end":{"line":78,"column":73}}],"line":75}},"s":{"0":0,"1":0,"2":0,"3":0,"4":0,"5":0,"6":0,"7":0,"8":0,"9":0,"10":0,"11":0,"12":0,"13":0,"14":0,"15":0,"16":0,"17":0,"18":0,"19":0,"20":0},"f":{"0":0,"1":0,"2":0,"3":0,"4":0,"5":0,"6":0,"7":0,"8":0,"9":0},"b":{"0":[0,0],"1":[0,0],"2":[0,0]}}
,"/Users/vigneshr/Desktop/Quinbay_Training/Day_4/blibli-clone/src/views/script/LoginPage.js": {"path":"/Users/vigneshr/Desktop/Quinbay_Training/Day_4/blibli-clone/src/views/script/LoginPage.js","statementMap":{"0":{"start":{"line":4,"column":6},"end":{"line":8,"column":8}},"1":{"start":{"line":13,"column":8},"end":{"line":18,"column":9}},"2":{"start":{"line":14,"column":10},"end":{"line":14,"column":31}},"3":{"start":{"line":17,"column":10},"end":{"line":17,"column":32}},"4":{"start":{"line":27,"column":8},"end":{"line":27,"column":63}},"5":{"start":{"line":30,"column":8},"end":{"line":30,"column":86}}},"fnMap":{"0":{"name":"(anonymous_0)","decl":{"start":{"line":3,"column":4},"end":{"line":3,"column":5}},"loc":{"start":{"line":3,"column":11},"end":{"line":9,"column":5}},"line":3},"1":{"name":"(anonymous_1)","decl":{"start":{"line":11,"column":6},"end":{"line":11,"column":7}},"loc":{"start":{"line":11,"column":21},"end":{"line":19,"column":7}},"line":11},"2":{"name":"(anonymous_2)","decl":{"start":{"line":26,"column":6},"end":{"line":26,"column":7}},"loc":{"start":{"line":26,"column":24},"end":{"line":28,"column":7}},"line":26},"3":{"name":"(anonymous_3)","decl":{"start":{"line":29,"column":6},"end":{"line":29,"column":7}},"loc":{"start":{"line":29,"column":24},"end":{"line":31,"column":7}},"line":29}},"branchMap":{"0":{"loc":{"start":{"line":13,"column":8},"end":{"line":18,"column":9}},"type":"if","locations":[{"start":{"line":13,"column":8},"end":{"line":18,"column":9}},{"start":{"line":16,"column":15},"end":{"line":18,"column":9}}],"line":13},"1":{"loc":{"start":{"line":13,"column":11},"end":{"line":13,"column":77}},"type":"binary-expr","locations":[{"start":{"line":13,"column":11},"end":{"line":13,"column":42}},{"start":{"line":13,"column":46},"end":{"line":13,"column":77}}],"line":13},"2":{"loc":{"start":{"line":27,"column":15},"end":{"line":27,"column":62}},"type":"cond-expr","locations":[{"start":{"line":27,"column":50},"end":{"line":27,"column":54}},{"start":{"line":27,"column":57},"end":{"line":27,"column":62}}],"line":27},"3":{"loc":{"start":{"line":30,"column":15},"end":{"line":30,"column":85}},"type":"cond-expr","locations":[{"start":{"line":30,"column":73},"end":{"line":30,"column":77}},{"start":{"line":30,"column":80},"end":{"line":30,"column":85}}],"line":30},"4":{"loc":{"start":{"line":30,"column":15},"end":{"line":30,"column":70}},"type":"binary-expr","locations":[{"start":{"line":30,"column":15},"end":{"line":30,"column":35}},{"start":{"line":30,"column":39},"end":{"line":30,"column":70}}],"line":30}},"s":{"0":3,"1":2,"2":1,"3":1,"4":2,"5":2},"f":{"0":3,"1":2,"2":2,"3":2},"b":{"0":[1,1],"1":[2,1],"2":[1,1],"3":[1,1],"4":[2,2]},"_coverageSchema":"1a1c01bbd47fc00a2c39e90264f33305004495a9","hash":"4d8d68ee2fda0b8d191142bbd34da5e02dd4e7c8"}
,"/Users/vigneshr/Desktop/Quinbay_Training/Day_4/blibli-clone/src/views/script/ProductDescription.js": {"path":"/Users/vigneshr/Desktop/Quinbay_Training/Day_4/blibli-clone/src/views/script/ProductDescription.js","statementMap":{"0":{"start":{"line":6,"column":4},"end":{"line":8,"column":6}},"1":{"start":{"line":11,"column":4},"end":{"line":20,"column":7}},"2":{"start":{"line":14,"column":8},"end":{"line":14,"column":46}},"3":{"start":{"line":15,"column":8},"end":{"line":15,"column":59}},"4":{"start":{"line":18,"column":8},"end":{"line":18,"column":27}}},"fnMap":{"0":{"name":"(anonymous_0)","decl":{"start":{"line":5,"column":2},"end":{"line":5,"column":3}},"loc":{"start":{"line":5,"column":9},"end":{"line":9,"column":3}},"line":5},"1":{"name":"(anonymous_1)","decl":{"start":{"line":10,"column":2},"end":{"line":10,"column":3}},"loc":{"start":{"line":10,"column":12},"end":{"line":21,"column":3}},"line":10},"2":{"name":"(anonymous_2)","decl":{"start":{"line":13,"column":15},"end":{"line":13,"column":16}},"loc":{"start":{"line":13,"column":29},"end":{"line":16,"column":7}},"line":13},"3":{"name":"(anonymous_3)","decl":{"start":{"line":17,"column":13},"end":{"line":17,"column":14}},"loc":{"start":{"line":17,"column":24},"end":{"line":19,"column":7}},"line":17}},"branchMap":{},"s":{"0":1,"1":1,"2":0,"3":0,"4":0},"f":{"0":1,"1":1,"2":0,"3":0},"b":{},"_coverageSchema":"1a1c01bbd47fc00a2c39e90264f33305004495a9","hash":"8d962ed1d585a3701b0b3c2e644dbeb57eabc875"}
,"/Users/vigneshr/Desktop/Quinbay_Training/Day_4/blibli-clone/src/views/script/RegisterPage.js": {"path":"/Users/vigneshr/Desktop/Quinbay_Training/Day_4/blibli-clone/src/views/script/RegisterPage.js","statementMap":{"0":{"start":{"line":6,"column":4},"end":{"line":15,"column":6}},"1":{"start":{"line":20,"column":6},"end":{"line":20,"column":61}},"2":{"start":{"line":24,"column":4},"end":{"line":24,"column":46}},"3":{"start":{"line":31,"column":6},"end":{"line":31,"column":47}}},"fnMap":{"0":{"name":"(anonymous_0)","decl":{"start":{"line":5,"column":8},"end":{"line":5,"column":9}},"loc":{"start":{"line":5,"column":14},"end":{"line":16,"column":3}},"line":5},"1":{"name":"(anonymous_1)","decl":{"start":{"line":18,"column":4},"end":{"line":18,"column":5}},"loc":{"start":{"line":18,"column":15},"end":{"line":21,"column":5}},"line":18},"2":{"name":"(anonymous_2)","decl":{"start":{"line":23,"column":2},"end":{"line":23,"column":3}},"loc":{"start":{"line":23,"column":12},"end":{"line":25,"column":3}},"line":23},"3":{"name":"(anonymous_3)","decl":{"start":{"line":30,"column":4},"end":{"line":30,"column":5}},"loc":{"start":{"line":30,"column":13},"end":{"line":32,"column":5}},"line":30}},"branchMap":{},"s":{"0":0,"1":0,"2":0,"3":0},"f":{"0":0,"1":0,"2":0,"3":0},"b":{}}
,"/Users/vigneshr/Desktop/Quinbay_Training/Day_4/blibli-clone/src/views/script/SettingPage.js": {"path":"/Users/vigneshr/Desktop/Quinbay_Training/Day_4/blibli-clone/src/views/script/SettingPage.js","statementMap":{"0":{"start":{"line":6,"column":8},"end":{"line":13,"column":9}},"1":{"start":{"line":17,"column":12},"end":{"line":26,"column":14}},"2":{"start":{"line":20,"column":20},"end":{"line":20,"column":48}},"3":{"start":{"line":21,"column":20},"end":{"line":21,"column":54}},"4":{"start":{"line":24,"column":20},"end":{"line":24,"column":41}},"5":{"start":{"line":29,"column":12},"end":{"line":39,"column":14}},"6":{"start":{"line":33,"column":20},"end":{"line":33,"column":48}},"7":{"start":{"line":34,"column":20},"end":{"line":34,"column":54}},"8":{"start":{"line":37,"column":20},"end":{"line":37,"column":41}}},"fnMap":{"0":{"name":"(anonymous_0)","decl":{"start":{"line":5,"column":4},"end":{"line":5,"column":5}},"loc":{"start":{"line":5,"column":10},"end":{"line":14,"column":5}},"line":5},"1":{"name":"(anonymous_1)","decl":{"start":{"line":16,"column":8},"end":{"line":16,"column":9}},"loc":{"start":{"line":16,"column":20},"end":{"line":27,"column":9}},"line":16},"2":{"name":"(anonymous_2)","decl":{"start":{"line":19,"column":34},"end":{"line":19,"column":35}},"loc":{"start":{"line":19,"column":55},"end":{"line":22,"column":17}},"line":19},"3":{"name":"(anonymous_3)","decl":{"start":{"line":23,"column":34},"end":{"line":23,"column":35}},"loc":{"start":{"line":23,"column":54},"end":{"line":25,"column":17}},"line":23},"4":{"name":"(anonymous_4)","decl":{"start":{"line":28,"column":8},"end":{"line":28,"column":9}},"loc":{"start":{"line":28,"column":20},"end":{"line":40,"column":9}},"line":28},"5":{"name":"(anonymous_5)","decl":{"start":{"line":32,"column":34},"end":{"line":32,"column":35}},"loc":{"start":{"line":32,"column":55},"end":{"line":35,"column":17}},"line":32},"6":{"name":"(anonymous_6)","decl":{"start":{"line":36,"column":34},"end":{"line":36,"column":35}},"loc":{"start":{"line":36,"column":54},"end":{"line":38,"column":17}},"line":36}},"branchMap":{},"s":{"0":2,"1":1,"2":0,"3":0,"4":0,"5":1,"6":0,"7":0,"8":0},"f":{"0":2,"1":1,"2":0,"3":0,"4":1,"5":0,"6":0},"b":{},"_coverageSchema":"1a1c01bbd47fc00a2c39e90264f33305004495a9","hash":"46ca1445f74c0298823235dad177b377c98836da"}
}
